#
# A fatal error has been detected by the Java Runtime Environment:
#
#  EXCEPTION_ACCESS_VIOLATION (0xc0000005) at pc=0x000000000bc599a0, pid=2984, tid=5228
#
# JRE version: Java(TM) SE Runtime Environment (7.0_51-b13) (build 1.7.0_51-b13)
# Java VM: Java HotSpot(TM) 64-Bit Server VM (24.51-b03 mixed mode windows-amd64 compressed oops)
# Problematic frame:
# C  [ig7icd64.dll+0x799a0]
#
# Failed to write core dump. Minidumps are not enabled by default on client versions of Windows
#
# If you would like to submit a bug report, please visit:
#   http://bugreport.sun.com/bugreport/crash.jsp
# The crash happened outside the Java Virtual Machine in native code.
# See problematic frame for where to report the bug.
#

---------------  T H R E A D  ---------------

Current thread (0x0000000002ad0800):  JavaThread "main" [_thread_in_native, id=5228, stack(0x00000000029d0000,0x0000000002ad0000)]

siginfo: ExceptionCode=0xc0000005, reading address 0x0000000000000000

Registers:
RAX=0x0000000000000000, RBX=0x000000000c373140, RCX=0x0000000000000000, RDX=0x0000000000000000
RSP=0x0000000002acd470, RBP=0x0000000002acd5a0, RSI=0x000000000c45c850, RDI=0x0000000010a60000
R8 =0x00000000009e3400, R9 =0x0000000000013c68, R10=0x0000000000000000, R11=0x0000000002acd400
R12=0x0000000002acdf10, R13=0x0000000000000010, R14=0x0000000000000002, R15=0x000000000d47fbd0
RIP=0x000000000bc599a0, EFLAGS=0x0000000000010202

Top of Stack: (sp=0x0000000002acd470)
0x0000000002acd470:   0000000000000000 0000000000000000
0x0000000002acd480:   0000000000000000 0000000000000000
0x0000000002acd490:   000000000c38c0c0 000000000bd407e8
0x0000000002acd4a0:   000000000c373140 000000000c45c850
0x0000000002acd4b0:   0000000002acd5a0 0000000000000007
0x0000000002acd4c0:   0000000000000001 0000000000000007
0x0000000002acd4d0:   0000000000200000 0000000000000002
0x0000000002acd4e0:   000000000d479530 0000000002970710
0x0000000002acd4f0:   0000000000000002 000000000c38c100
0x0000000002acd500:   0000000000000015 0000000000000007
0x0000000002acd510:   0000000000000002 0000000002acdf10
0x0000000002acd520:   000000000000001c 00000000009e3400
0x0000000002acd530:   0000000000000007 0000000000000007
0x0000000002acd540:   0000000000000007 000000000297072c
0x0000000002acd550:   0000000000000002 0000000000000040
0x0000000002acd560:   0000000002970750 0000000000000002 

Instructions: (pc=0x000000000bc599a0)
0x000000000bc59980:   c2 10 66 0f e7 47 f0 49 3b c2 72 e4 e9 ab 00 00
0x000000000bc59990:   00 4d 85 c9 74 6c 66 66 0f 1f 84 00 00 00 00 00
0x000000000bc599a0:   66 0f 6f 3a 66 0f 6f 72 10 66 0f 6f 6a 20 41 ff
0x000000000bc599b0:   c2 48 83 ef 80 41 8b c2 66 0f 6f 62 30 66 0f 6f 


Register to memory mapping:

RAX=0x0000000000000000 is an unknown value
RBX=0x000000000c373140 is an unknown value
RCX=0x0000000000000000 is an unknown value
RDX=0x0000000000000000 is an unknown value
RSP=0x0000000002acd470 is pointing into the stack for thread: 0x0000000002ad0800
RBP=0x0000000002acd5a0 is pointing into the stack for thread: 0x0000000002ad0800
RSI=0x000000000c45c850 is an unknown value
RDI=0x0000000010a60000 is an unknown value
R8 =0x00000000009e3400 is an unknown value
R9 =0x0000000000013c68 is an unknown value
R10=0x0000000000000000 is an unknown value
R11=0x0000000002acd400 is pointing into the stack for thread: 0x0000000002ad0800
R12=0x0000000002acdf10 is pointing into the stack for thread: 0x0000000002ad0800
R13=0x0000000000000010 is an unknown value
R14=0x0000000000000002 is an unknown value
R15=0x000000000d47fbd0 is an unknown value


Stack: [0x00000000029d0000,0x0000000002ad0000],  sp=0x0000000002acd470,  free space=1013k
Native frames: (J=compiled Java code, j=interpreted, Vv=VM code, C=native code)
C  [ig7icd64.dll+0x799a0]

Java frames: (J=compiled Java code, j=interpreted, Vv=VM code)
j  org.lwjgl.opengl.GL11.nglDrawArrays(IIIJ)V+0
j  org.lwjgl.opengl.GL11.glDrawArrays(III)V+20
j  Minecraft.Chunk.render()V+47
j  Minecraft.Camera.gameLoop()V+200
j  Minecraft.Minecraft.start()V+12
j  Minecraft.Minecraft.main([Ljava/lang/String;)V+9
v  ~StubRoutines::call_stub

---------------  P R O C E S S  ---------------

Java Threads: ( => current thread )
  0x0000000009c27800 JavaThread "Service Thread" daemon [_thread_blocked, id=6076, stack(0x000000000b390000,0x000000000b490000)]
  0x0000000009c16000 JavaThread "C2 CompilerThread1" daemon [_thread_blocked, id=6072, stack(0x000000000b290000,0x000000000b390000)]
  0x0000000009c14800 JavaThread "C2 CompilerThread0" daemon [_thread_blocked, id=6080, stack(0x000000000b190000,0x000000000b290000)]
  0x0000000009c13800 JavaThread "Attach Listener" daemon [_thread_blocked, id=5176, stack(0x000000000b090000,0x000000000b190000)]
  0x0000000009c10800 JavaThread "Signal Dispatcher" daemon [_thread_blocked, id=4540, stack(0x000000000af90000,0x000000000b090000)]
  0x0000000009bdf800 JavaThread "Finalizer" daemon [_thread_blocked, id=5180, stack(0x000000000ae90000,0x000000000af90000)]
  0x0000000009bd4800 JavaThread "Reference Handler" daemon [_thread_blocked, id=4140, stack(0x000000000ad90000,0x000000000ae90000)]
=>0x0000000002ad0800 JavaThread "main" [_thread_in_native, id=5228, stack(0x00000000029d0000,0x0000000002ad0000)]

Other Threads:
  0x0000000009bd1800 VMThread [stack: 0x000000000ac90000,0x000000000ad90000] [id=6048]
  0x0000000009c42800 WatcherThread [stack: 0x000000000b490000,0x000000000b590000] [id=5932]

VM state:not at safepoint (normal execution)

VM Mutex/Monitor currently owned by a thread: None

Heap
 PSYoungGen      total 28672K, used 7552K [0x00000000e0880000, 0x00000000e2800000, 0x0000000100000000)
  eden space 25088K, 30% used [0x00000000e0880000,0x00000000e0fe0160,0x00000000e2100000)
  from space 3584K, 0% used [0x00000000e2480000,0x00000000e2480000,0x00000000e2800000)
  to   space 3584K, 0% used [0x00000000e2100000,0x00000000e2100000,0x00000000e2480000)
 ParOldGen       total 64000K, used 0K [0x00000000a1a00000, 0x00000000a5880000, 0x00000000e0880000)
  object space 64000K, 0% used [0x00000000a1a00000,0x00000000a1a00000,0x00000000a5880000)
 PSPermGen       total 21504K, used 4213K [0x000000009c800000, 0x000000009dd00000, 0x00000000a1a00000)
  object space 21504K, 19% used [0x000000009c800000,0x000000009cc1d680,0x000000009dd00000)

Card table byte_map: [0x0000000005c90000,0x0000000005fb0000] byte_map_base: 0x00000000057ac000

Polling page: 0x00000000010f0000

Code Cache  [0x0000000002bd0000, 0x0000000002e40000, 0x0000000005bd0000)
 total_blobs=328 nmethods=32 adapters=249 free_code_cache=48677Kb largest_free_block=49829696

Compilation events (10 events):
Event: 3.504 Thread 0x0000000009c16000   28             java.nio.Bits::copyFromArray (70 bytes)
Event: 3.505 Thread 0x0000000009c16000 nmethod 28 0x0000000002c45bd0 code [0x0000000002c45d00, 0x0000000002c45d98]
Event: 3.509 Thread 0x0000000009c14800   29             Minecraft.SimplexNoise_octave::dot (22 bytes)
Event: 3.509 Thread 0x0000000009c14800 nmethod 29 0x0000000002c48f10 code [0x0000000002c49040, 0x0000000002c49098]
Event: 3.510 Thread 0x0000000009c16000   30             java.nio.Buffer::position (43 bytes)
Event: 3.511 Thread 0x0000000009c16000 nmethod 30 0x0000000002c48cd0 code [0x0000000002c48e00, 0x0000000002c48e78]
Event: 3.511 Thread 0x0000000009c14800   31             Minecraft.SimplexNoise_octave::fastfloor (18 bytes)
Event: 3.511 Thread 0x0000000009c14800 nmethod 31 0x0000000002c48ad0 code [0x0000000002c48c00, 0x0000000002c48c78]
Event: 3.516 Thread 0x0000000009c16000   32             java.nio.Buffer::position (5 bytes)
Event: 3.516 Thread 0x0000000009c16000 nmethod 32 0x0000000002c488d0 code [0x0000000002c48a00, 0x0000000002c48a58]

GC Heap History (0 events):
No events

Deoptimization events (0 events):
No events

Internal exceptions (10 events):
Event: 3.094 Thread 0x0000000002ad0800 Threw 0x00000000e0bd01f0 at C:\re\jdk7u51\527\hotspot\src\share\vm\prims\jvm.cpp:1244
Event: 3.095 Thread 0x0000000002ad0800 Threw 0x00000000e0bd59b8 at C:\re\jdk7u51\527\hotspot\src\share\vm\prims\jvm.cpp:1244
Event: 3.098 Thread 0x0000000002ad0800 Threw 0x00000000e0bd90a0 at C:\re\jdk7u51\527\hotspot\src\share\vm\prims\jvm.cpp:1244
Event: 3.113 Thread 0x0000000002ad0800 Threw 0x00000000e0bdcf40 at C:\re\jdk7u51\527\hotspot\src\share\vm\prims\jvm.cpp:1244
Event: 3.261 Thread 0x0000000002ad0800 Threw 0x00000000e0bfdee0 at C:\re\jdk7u51\527\hotspot\src\share\vm\prims\jvm.cpp:1244
Event: 3.277 Thread 0x0000000002ad0800 Threw 0x00000000e0cd3a38 at C:\re\jdk7u51\527\hotspot\src\share\vm\prims\jvm.cpp:1244
Event: 3.286 Thread 0x0000000002ad0800 Threw 0x00000000e0cde5c0 at C:\re\jdk7u51\527\hotspot\src\share\vm\prims\jvm.cpp:1244
Event: 3.294 Thread 0x0000000002ad0800 Threw 0x00000000e0ce0e90 at C:\re\jdk7u51\527\hotspot\src\share\vm\prims\jvm.cpp:1244
Event: 3.381 Thread 0x0000000002ad0800 Threw 0x00000000e0ce8988 at C:\re\jdk7u51\527\hotspot\src\share\vm\prims\jvm.cpp:1244
Event: 3.531 Thread 0x0000000002ad0800 Threw 0x00000000e0faa138 at C:\re\jdk7u51\527\hotspot\src\share\vm\prims\jvm.cpp:1244

Events (10 events):
Event: 3.293 loading class 0x0000000002b1a5c0
Event: 3.293 loading class 0x0000000002b1a5c0 done
Event: 3.293 loading class 0x0000000002b3c350
Event: 3.293 loading class 0x0000000002b3c350 done
Event: 3.293 loading class 0x000000000b6df050
Event: 3.293 loading class 0x000000000b6df050 done
Event: 3.381 loading class 0x000000000b6e87c0
Event: 3.381 loading class 0x000000000b6e87c0 done
Event: 3.531 loading class 0x000000000b6eeea0
Event: 3.531 loading class 0x000000000b6eeea0 done


Dynamic libraries:
0x00007ff7cefa0000 - 0x00007ff7cefd3000 	C:\Program Files\Java\jdk1.7.0_51\bin\java.exe
0x00007ffb25e90000 - 0x00007ffb2603d000 	C:\WINDOWS\SYSTEM32\ntdll.dll
0x00007ffb23520000 - 0x00007ffb2365e000 	C:\WINDOWS\system32\KERNEL32.DLL
0x00007ffb23140000 - 0x00007ffb23255000 	C:\WINDOWS\system32\KERNELBASE.dll
0x00007ffb21b90000 - 0x00007ffb21c1e000 	C:\WINDOWS\system32\apphelp.dll
0x00007ffb02630000 - 0x00007ffb02683000 	C:\WINDOWS\AppPatch\AppPatch64\AcGenral.DLL
0x00007ffb23860000 - 0x00007ffb2390a000 	C:\WINDOWS\system32\msvcrt.dll
0x00007ffb23260000 - 0x00007ffb2328e000 	C:\WINDOWS\system32\SspiCli.dll
0x00007ffb25e30000 - 0x00007ffb25e84000 	C:\WINDOWS\system32\SHLWAPI.dll
0x00007ffb23d50000 - 0x00007ffb23ec7000 	C:\WINDOWS\system32\USER32.dll
0x00007ffb23910000 - 0x00007ffb23aa4000 	C:\WINDOWS\system32\ole32.dll
0x00007ffb242c0000 - 0x00007ffb257eb000 	C:\WINDOWS\system32\SHELL32.dll
0x00007ffb22590000 - 0x00007ffb225b1000 	C:\WINDOWS\SYSTEM32\USERENV.dll
0x00007ffb25a10000 - 0x00007ffb25aba000 	C:\WINDOWS\system32\ADVAPI32.dll
0x00007ffb1a0c0000 - 0x00007ffb1a0de000 	C:\WINDOWS\SYSTEM32\MPR.dll
0x00007ffb25cf0000 - 0x00007ffb25e30000 	C:\WINDOWS\system32\RPCRT4.dll
0x00007ffb23660000 - 0x00007ffb236b9000 	C:\WINDOWS\SYSTEM32\sechost.dll
0x00007ffb240a0000 - 0x00007ffb242b1000 	C:\WINDOWS\SYSTEM32\combase.dll
0x00007ffb23f50000 - 0x00007ffb240a0000 	C:\WINDOWS\system32\GDI32.dll
0x00007ffb22fc0000 - 0x00007ffb22fd5000 	C:\WINDOWS\SYSTEM32\profapi.dll
0x00007ffb21560000 - 0x00007ffb21612000 	C:\WINDOWS\SYSTEM32\SHCORE.dll
0x00007ffb257f0000 - 0x00007ffb25826000 	C:\WINDOWS\system32\IMM32.DLL
0x00007ffb25ad0000 - 0x00007ffb25c21000 	C:\WINDOWS\system32\MSCTF.dll
0x00007ffb20ce0000 - 0x00007ffb20f5a000 	C:\WINDOWS\WinSxS\amd64_microsoft.windows.common-controls_6595b64144ccf1df_6.0.9600.17810_none_6240b9c7ecbd0bda\COMCTL32.dll
0x0000000059640000 - 0x0000000059712000 	C:\Program Files\Java\jdk1.7.0_51\jre\bin\msvcr100.dll
0x0000000058490000 - 0x0000000058c59000 	C:\Program Files\Java\jdk1.7.0_51\jre\bin\server\jvm.dll
0x00007ffb1ab00000 - 0x00007ffb1ab09000 	C:\WINDOWS\SYSTEM32\WSOCK32.dll
0x00007ffb1dd30000 - 0x00007ffb1dd52000 	C:\WINDOWS\SYSTEM32\WINMM.dll
0x00007ffb23d30000 - 0x00007ffb23d37000 	C:\WINDOWS\system32\PSAPI.DLL
0x00007ffb236c0000 - 0x00007ffb2371a000 	C:\WINDOWS\system32\WS2_32.dll
0x00007ffb1dd00000 - 0x00007ffb1dd2a000 	C:\WINDOWS\SYSTEM32\WINMMBASE.dll
0x00007ffb23ed0000 - 0x00007ffb23ed9000 	C:\WINDOWS\system32\NSI.dll
0x00007ffb230f0000 - 0x00007ffb2313f000 	C:\WINDOWS\SYSTEM32\cfgmgr32.dll
0x00007ffb21de0000 - 0x00007ffb21e08000 	C:\WINDOWS\SYSTEM32\DEVOBJ.dll
0x00000000595f0000 - 0x00000000595ff000 	C:\Program Files\Java\jdk1.7.0_51\jre\bin\verify.dll
0x00000000595c0000 - 0x00000000595e8000 	C:\Program Files\Java\jdk1.7.0_51\jre\bin\java.dll
0x00000000595a0000 - 0x00000000595b5000 	C:\Program Files\Java\jdk1.7.0_51\jre\bin\zip.dll
0x0000000180000000 - 0x0000000180053000 	C:\Users\Pablo\Documents\lwjgl-2.9.2\native\windows\lwjgl64.dll
0x00007ffb0dbe0000 - 0x00007ffb0dd0b000 	C:\WINDOWS\SYSTEM32\OPENGL32.dll
0x00007ffb1b1f0000 - 0x00007ffb1b1fa000 	C:\WINDOWS\SYSTEM32\VERSION.dll
0x00007ffb0dbb0000 - 0x00007ffb0dbde000 	C:\WINDOWS\SYSTEM32\GLU32.dll
0x00007ffb0dab0000 - 0x00007ffb0dba8000 	C:\WINDOWS\SYSTEM32\DDRAW.dll
0x00007ffb19dc0000 - 0x00007ffb19dc9000 	C:\WINDOWS\SYSTEM32\DCIMAN32.dll
0x00007ffb21c60000 - 0x00007ffb21d89000 	C:\WINDOWS\system32\uxtheme.dll
0x00007ffb21360000 - 0x00007ffb21381000 	C:\WINDOWS\system32\dwmapi.dll
0x000000000bbe0000 - 0x000000000c35e000 	C:\WINDOWS\SYSTEM32\ig7icd64.dll
0x00007ffb1f2a0000 - 0x00007ffb1f6e0000 	C:\WINDOWS\SYSTEM32\igdusc64.dll
0x00007ffb21e30000 - 0x00007ffb21e3b000 	C:\WINDOWS\SYSTEM32\kernel.appcore.dll
0x00007ffb22e30000 - 0x00007ffb22e3b000 	C:\WINDOWS\SYSTEM32\CRYPTBASE.dll
0x00007ffb22dc0000 - 0x00007ffb22e23000 	C:\WINDOWS\SYSTEM32\bcryptPrimitives.dll
0x00007ffb01ae0000 - 0x00007ffb01b72000 	C:\WINDOWS\SYSTEM32\mscms.dll
0x00007ffb025e0000 - 0x00007ffb02621000 	C:\WINDOWS\SYSTEM32\icm32.dll
0x00007ffb25c30000 - 0x00007ffb25ce6000 	C:\WINDOWS\SYSTEM32\clbcatq.dll
0x00007ffb22f70000 - 0x00007ffb22fb6000 	C:\WINDOWS\SYSTEM32\powrprof.dll
0x00007ffb19a60000 - 0x00007ffb19bea000 	C:\WINDOWS\SYSTEM32\dbghelp.dll

VM Arguments:
jvm_args: -Dfile.encoding=UTF-8 -Djava.library.path=C:\Users\Pablo\Documents\lwjgl-2.9.2\native\windows 
java_command: Minecraft.Minecraft
Launcher Type: SUN_STANDARD

Environment Variables:
PATH=C:\Program Files (x86)\NVIDIA Corporation\PhysX\Common;C:\ProgramData\Oracle\Java\javapath;C:\Program Files (x86)\Intel\iCLS Client\;C:\Program Files\Intel\iCLS Client\;C:\WINDOWS\system32;C:\WINDOWS;C:\WINDOWS\System32\Wbem;C:\WINDOWS\System32\WindowsPowerShell\v1.0\;C:\Program Files (x86)\Windows Live\Shared;C:\Program Files (x86)\Intel\OpenCL SDK\3.0\bin\x86;C:\Program Files (x86)\Intel\OpenCL SDK\3.0\bin\x64;C:\Program Files\Intel\Intel(R) Management Engine Components\DAL;C:\Program Files\Intel\Intel(R) Management Engine Components\IPT;C:\Program Files (x86)\Intel\Intel(R) Management Engine Components\DAL;C:\Program Files (x86)\Intel\Intel(R) Management Engine Components\IPT;C:\Program Files (x86)\Windows Kits\8.1\Windows Performance Toolkit\;C:\Program Files\Microsoft SQL Server\110\Tools\Binn\;C:\Program Files (x86)\Microsoft SDKs\TypeScript\1.0\;C:\Program Files\Microsoft SQL Server\120\Tools\Binn\;C:\Program Files (x86)\Skype\Phone\;C:\WINDOWS\system32\config\systemprofile\.dnx\bin;C:\Program Files\Microsoft DNX\Dnvm\;C:\Program Files (x86)\SSH Communications Security\SSH Secure Shell
USERNAME=Pablo
OS=Windows_NT
PROCESSOR_IDENTIFIER=Intel64 Family 6 Model 58 Stepping 9, GenuineIntel



---------------  S Y S T E M  ---------------

OS: Windows 8 , 64 bit Build 9200 

CPU:total 4 (2 cores per cpu, 2 threads per core) family 6 model 58 stepping 9, cmov, cx8, fxsr, mmx, sse, sse2, sse3, ssse3, sse4.1, sse4.2, popcnt, avx, erms, ht, tsc, tscinvbit, tscinv

Memory: 4k page, physical 6181144k(3907476k free), swap 7164184k(4649128k free)

vm_info: Java HotSpot(TM) 64-Bit Server VM (24.51-b03) for windows-amd64 JRE (1.7.0_51-b13), built on Dec 18 2013 18:40:56 by "java_re" with unknown MS VC++:1600

time: Tue May 17 13:46:48 2016
elapsed time: 3 seconds

